[INFO] Error stacktraces are turned on.
[INFO] Scanning for projects...
[WARNING] 
[WARNING] Some problems were encountered while building the effective model for com.rhc.drools:drools-sample-runtime:jar:0.0.1-SNAPSHOT
[WARNING] 'dependencies.dependency.(groupId:artifactId:type:classifier)' must be unique: com.thoughtworks.xstream:xstream:jar -> version 1.4.1 vs 1.4.3 @ line 46, column 15
[WARNING] 
[WARNING] It is highly recommended to fix these problems because they threaten the stability of your build.
[WARNING] 
[WARNING] For this reason, future Maven versions might no longer support building such malformed projects.
[WARNING] 
[INFO] ------------------------------------------------------------------------
[INFO] Reactor Build Order:
[INFO] 
[INFO] drools-reference-implementation
[INFO] drools-sample-runtime
[INFO] mortgage-application
[INFO]                                                                         
[INFO] ------------------------------------------------------------------------
[INFO] Building drools-reference-implementation 0.0.1-SNAPSHOT
[INFO] ------------------------------------------------------------------------
[INFO] 
[INFO] --- maven-clean-plugin:2.4.1:clean (default-clean) @ drools-reference-implementation ---
[INFO] 
[INFO] --- maven-install-plugin:2.3.1:install (default-install) @ drools-reference-implementation ---
[INFO] Installing /home/mike/workspace/brms-reference/brms-reference/drools-reference-implementation/pom.xml to /home/mike/.m2/repository/com/rhc/drools/drools-reference-implementation/0.0.1-SNAPSHOT/drools-reference-implementation-0.0.1-SNAPSHOT.pom
[INFO]                                                                         
[INFO] ------------------------------------------------------------------------
[INFO] Building drools-sample-runtime 0.0.1-SNAPSHOT
[INFO] ------------------------------------------------------------------------
[INFO] 
[INFO] --- maven-clean-plugin:2.4.1:clean (default-clean) @ drools-sample-runtime ---
[INFO] Deleting /home/mike/workspace/brms-reference/brms-reference/drools-reference-implementation/drools-sample-runtime/target
[INFO] 
[INFO] --- maven-resources-plugin:2.5:resources (default-resources) @ drools-sample-runtime ---
[debug] execute contextualize
[WARNING] Using platform encoding (UTF-8 actually) to copy filtered resources, i.e. build is platform dependent!
[INFO] Copying 0 resource
[INFO] 
[INFO] --- maven-compiler-plugin:2.5.1:compile (default-compile) @ drools-sample-runtime ---
[WARNING] File encoding has not been set, using platform encoding UTF-8, i.e. build is platform dependent!
[INFO] Compiling 5 source files to /home/mike/workspace/brms-reference/brms-reference/drools-reference-implementation/drools-sample-runtime/target/classes
[INFO] 
[INFO] --- maven-resources-plugin:2.5:testResources (default-testResources) @ drools-sample-runtime ---
[debug] execute contextualize
[WARNING] Using platform encoding (UTF-8 actually) to copy filtered resources, i.e. build is platform dependent!
[INFO] Copying 0 resource
[INFO] 
[INFO] --- maven-compiler-plugin:2.5.1:testCompile (default-testCompile) @ drools-sample-runtime ---
[INFO] Nothing to compile - all classes are up to date
[INFO] 
[INFO] --- maven-surefire-plugin:2.10:test (default-test) @ drools-sample-runtime ---
[INFO] Surefire report directory: /home/mike/workspace/brms-reference/brms-reference/drools-reference-implementation/drools-sample-runtime/target/surefire-reports

-------------------------------------------------------
 T E S T S
-------------------------------------------------------

Results :

Tests run: 0, Failures: 0, Errors: 0, Skipped: 0

[INFO] 
[INFO] --- maven-jar-plugin:2.3.2:jar (default-jar) @ drools-sample-runtime ---
[INFO] Building jar: /home/mike/workspace/brms-reference/brms-reference/drools-reference-implementation/drools-sample-runtime/target/drools-sample-runtime-0.0.1-SNAPSHOT.jar
[INFO] 
[INFO] --- maven-install-plugin:2.3.1:install (default-install) @ drools-sample-runtime ---
[INFO] Installing /home/mike/workspace/brms-reference/brms-reference/drools-reference-implementation/drools-sample-runtime/target/drools-sample-runtime-0.0.1-SNAPSHOT.jar to /home/mike/.m2/repository/com/rhc/drools/drools-sample-runtime/0.0.1-SNAPSHOT/drools-sample-runtime-0.0.1-SNAPSHOT.jar
[INFO] Installing /home/mike/workspace/brms-reference/brms-reference/drools-reference-implementation/drools-sample-runtime/pom.xml to /home/mike/.m2/repository/com/rhc/drools/drools-sample-runtime/0.0.1-SNAPSHOT/drools-sample-runtime-0.0.1-SNAPSHOT.pom
[INFO]                                                                         
[INFO] ------------------------------------------------------------------------
[INFO] Building mortgage-application 0.0.1-SNAPSHOT
[INFO] ------------------------------------------------------------------------
[INFO] 
[INFO] --- maven-clean-plugin:2.4.1:clean (default-clean) @ mortgage-application ---
[INFO] Deleting /home/mike/workspace/brms-reference/brms-reference/drools-reference-implementation/mortgage-application/target
[INFO] 
[INFO] --- maven-resources-plugin:2.5:resources (default-resources) @ mortgage-application ---
[debug] execute contextualize
[WARNING] Using platform encoding (UTF-8 actually) to copy filtered resources, i.e. build is platform dependent!
[INFO] Copying 0 resource
[INFO] 
[INFO] --- maven-compiler-plugin:2.5.1:compile (default-compile) @ mortgage-application ---
[WARNING] File encoding has not been set, using platform encoding UTF-8, i.e. build is platform dependent!
[INFO] Compiling 7 source files to /home/mike/workspace/brms-reference/brms-reference/drools-reference-implementation/mortgage-application/target/classes
[INFO] 
[INFO] --- maven-resources-plugin:2.5:testResources (default-testResources) @ mortgage-application ---
[debug] execute contextualize
[WARNING] Using platform encoding (UTF-8 actually) to copy filtered resources, i.e. build is platform dependent!
[INFO] Copying 4 resources
[INFO] 
[INFO] --- maven-compiler-plugin:2.5.1:testCompile (default-testCompile) @ mortgage-application ---
[WARNING] File encoding has not been set, using platform encoding UTF-8, i.e. build is platform dependent!
[INFO] Compiling 3 source files to /home/mike/workspace/brms-reference/brms-reference/drools-reference-implementation/mortgage-application/target/test-classes
[INFO] 
[INFO] --- maven-surefire-plugin:2.10:test (default-test) @ mortgage-application ---
[INFO] Surefire report directory: /home/mike/workspace/brms-reference/brms-reference/drools-reference-implementation/mortgage-application/target/surefire-reports

-------------------------------------------------------
 T E S T S
-------------------------------------------------------
Running com.rhc.mortgage.application.MortgageServiceTest
10:48:39.226 [main] DEBUG c.r.m.a.MortgageApplicationService - Building Knowledge Base...
Tests run: 2, Failures: 0, Errors: 2, Skipped: 0, Time elapsed: 0.473 sec <<< FAILURE!

Results :

Tests in error: 
  shouldApproveCustomerAndApplicationAndCreateOneMortgage(com.rhc.mortgage.application.MortgageServiceTest)
  shouldApproveCustomer1and2DeniedCustomer3(com.rhc.mortgage.application.MortgageServiceTest): Could not initialize class com.rhc.mortgage.application.MortgageServiceTest

Tests run: 2, Failures: 0, Errors: 2, Skipped: 0

[INFO] ------------------------------------------------------------------------
[INFO] Reactor Summary:
[INFO] 
[INFO] drools-reference-implementation ................... SUCCESS [0.290s]
[INFO] drools-sample-runtime ............................. SUCCESS [1.971s]
[INFO] mortgage-application .............................. FAILURE [1.016s]
[INFO] ------------------------------------------------------------------------
[INFO] BUILD FAILURE
[INFO] ------------------------------------------------------------------------
[INFO] Total time: 3.380s
[INFO] Finished at: Mon Sep 17 10:48:39 EDT 2012
[INFO] Final Memory: 11M/169M
[INFO] ------------------------------------------------------------------------
[ERROR] Failed to execute goal org.apache.maven.plugins:maven-surefire-plugin:2.10:test (default-test) on project mortgage-application: There are test failures.
[ERROR] 
[ERROR] Please refer to /home/mike/workspace/brms-reference/brms-reference/drools-reference-implementation/mortgage-application/target/surefire-reports for the individual test results.
[ERROR] -> [Help 1]
org.apache.maven.lifecycle.LifecycleExecutionException: Failed to execute goal org.apache.maven.plugins:maven-surefire-plugin:2.10:test (default-test) on project mortgage-application: There are test failures.

Please refer to /home/mike/workspace/brms-reference/brms-reference/drools-reference-implementation/mortgage-application/target/surefire-reports for the individual test results.
	at org.apache.maven.lifecycle.internal.MojoExecutor.execute(MojoExecutor.java:213)
	at org.apache.maven.lifecycle.internal.MojoExecutor.execute(MojoExecutor.java:153)
	at org.apache.maven.lifecycle.internal.MojoExecutor.execute(MojoExecutor.java:145)
	at org.apache.maven.lifecycle.internal.LifecycleModuleBuilder.buildProject(LifecycleModuleBuilder.java:84)
	at org.apache.maven.lifecycle.internal.LifecycleModuleBuilder.buildProject(LifecycleModuleBuilder.java:59)
	at org.apache.maven.lifecycle.internal.LifecycleStarter.singleThreadedBuild(LifecycleStarter.java:183)
	at org.apache.maven.lifecycle.internal.LifecycleStarter.execute(LifecycleStarter.java:161)
	at org.apache.maven.DefaultMaven.doExecute(DefaultMaven.java:320)
	at org.apache.maven.DefaultMaven.execute(DefaultMaven.java:156)
	at org.apache.maven.cli.MavenCli.execute(MavenCli.java:537)
	at org.apache.maven.cli.MavenCli.doMain(MavenCli.java:196)
	at org.apache.maven.cli.MavenCli.main(MavenCli.java:141)
	at sun.reflect.NativeMethodAccessorImpl.invoke0(Native Method)
	at sun.reflect.NativeMethodAccessorImpl.invoke(NativeMethodAccessorImpl.java:39)
	at sun.reflect.DelegatingMethodAccessorImpl.invoke(DelegatingMethodAccessorImpl.java:25)
	at java.lang.reflect.Method.invoke(Method.java:597)
	at org.codehaus.plexus.classworlds.launcher.Launcher.launchEnhanced(Launcher.java:290)
	at org.codehaus.plexus.classworlds.launcher.Launcher.launch(Launcher.java:230)
	at org.codehaus.plexus.classworlds.launcher.Launcher.mainWithExitCode(Launcher.java:409)
	at org.codehaus.plexus.classworlds.launcher.Launcher.main(Launcher.java:352)
Caused by: org.apache.maven.plugin.MojoFailureException: There are test failures.

Please refer to /home/mike/workspace/brms-reference/brms-reference/drools-reference-implementation/mortgage-application/target/surefire-reports for the individual test results.
	at org.apache.maven.plugin.surefire.SurefireHelper.reportExecution(SurefireHelper.java:87)
	at org.apache.maven.plugin.surefire.SurefirePlugin.writeSummary(SurefirePlugin.java:641)
	at org.apache.maven.plugin.surefire.SurefirePlugin.handleSummary(SurefirePlugin.java:615)
	at org.apache.maven.plugin.surefire.AbstractSurefireMojo.executeAfterPreconditionsChecked(AbstractSurefireMojo.java:137)
	at org.apache.maven.plugin.surefire.AbstractSurefireMojo.execute(AbstractSurefireMojo.java:98)
	at org.apache.maven.plugin.DefaultBuildPluginManager.executeMojo(DefaultBuildPluginManager.java:101)
	at org.apache.maven.lifecycle.internal.MojoExecutor.execute(MojoExecutor.java:209)
	... 19 more
[ERROR] 
[ERROR] Re-run Maven using the -X switch to enable full debug logging.
[ERROR] 
[ERROR] For more information about the errors and possible solutions, please read the following articles:
[ERROR] [Help 1] http://cwiki.apache.org/confluence/display/MAVEN/MojoFailureException
[ERROR] 
[ERROR] After correcting the problems, you can resume the build with the command
[ERROR]   mvn <goals> -rf :mortgage-application
